[0.441s] DEBUG:colcon:Command line arguments: ['/usr/bin/colcon', 'build']
[0.442s] DEBUG:colcon:Parsed command line arguments: Namespace(log_base=None, log_level=None, verb_name='build', build_base='build', install_base='install', merge_install=False, symlink_install=False, test_result_base=None, continue_on_error=False, executor='parallel', parallel_workers=4, event_handlers=None, ignore_user_meta=False, metas=['./colcon.meta'], base_paths=['.'], packages_ignore=None, packages_ignore_regex=None, paths=None, packages_up_to=None, packages_up_to_regex=None, packages_above=None, packages_above_and_dependencies=None, packages_above_depth=None, packages_select_by_dep=None, packages_skip_by_dep=None, packages_skip_up_to=None, packages_select_build_failed=False, packages_skip_build_finished=False, packages_select_test_failures=False, packages_skip_test_passed=False, packages_select=None, packages_skip=None, packages_select_regex=None, packages_skip_regex=None, packages_start=None, packages_end=None, allow_overriding=[], cmake_args=None, cmake_target=None, cmake_target_skip_unavailable=False, cmake_clean_cache=False, cmake_clean_first=False, cmake_force_configure=False, ament_cmake_args=None, catkin_cmake_args=None, catkin_skip_building_tests=False, verb_parser=<colcon_defaults.argument_parser.defaults.DefaultArgumentsDecorator object at 0x7f2c68b45ff0>, verb_extension=<colcon_core.verb.build.BuildVerb object at 0x7f2c68cbf8b0>, main=<bound method BuildVerb.main of <colcon_core.verb.build.BuildVerb object at 0x7f2c68cbf8b0>>)
[0.519s] Level 1:colcon.colcon_core.package_discovery:discover_packages(colcon_meta) check parameters
[0.519s] Level 1:colcon.colcon_core.package_discovery:discover_packages(recursive) check parameters
[0.519s] Level 1:colcon.colcon_core.package_discovery:discover_packages(ignore) check parameters
[0.520s] Level 1:colcon.colcon_core.package_discovery:discover_packages(path) check parameters
[0.520s] Level 1:colcon.colcon_core.package_discovery:discover_packages(colcon_meta) discover
[0.520s] Level 1:colcon.colcon_core.package_discovery:discover_packages(recursive) discover
[0.520s] INFO:colcon.colcon_core.package_discovery:Crawling recursively for packages in '/home/student/ros2_project'
[0.520s] Level 1:colcon.colcon_core.package_identification:_identify(.) by extensions ['ignore', 'ignore_ament_install']
[0.520s] Level 1:colcon.colcon_core.package_identification:_identify(.) by extension 'ignore'
[0.520s] Level 1:colcon.colcon_core.package_identification:_identify(.) by extension 'ignore_ament_install'
[0.520s] Level 1:colcon.colcon_core.package_identification:_identify(.) by extensions ['colcon_pkg']
[0.520s] Level 1:colcon.colcon_core.package_identification:_identify(.) by extension 'colcon_pkg'
[0.520s] Level 1:colcon.colcon_core.package_identification:_identify(.) by extensions ['colcon_meta']
[0.520s] Level 1:colcon.colcon_core.package_identification:_identify(.) by extension 'colcon_meta'
[0.520s] Level 1:colcon.colcon_core.package_identification:_identify(.) by extensions ['ros']
[0.520s] Level 1:colcon.colcon_core.package_identification:_identify(.) by extension 'ros'
[0.539s] Level 1:colcon.colcon_core.package_identification:_identify(.) by extensions ['cmake', 'python']
[0.539s] Level 1:colcon.colcon_core.package_identification:_identify(.) by extension 'cmake'
[0.539s] Level 1:colcon.colcon_core.package_identification:_identify(.) by extension 'python'
[0.539s] Level 1:colcon.colcon_core.package_identification:_identify(.) by extensions ['python_setup_py']
[0.539s] Level 1:colcon.colcon_core.package_identification:_identify(.) by extension 'python_setup_py'
[0.539s] Level 1:colcon.colcon_core.package_identification:_identify(build) by extensions ['ignore', 'ignore_ament_install']
[0.539s] Level 1:colcon.colcon_core.package_identification:_identify(build) by extension 'ignore'
[0.539s] Level 1:colcon.colcon_core.package_identification:_identify(build) ignored
[0.540s] Level 1:colcon.colcon_core.package_identification:_identify(install) by extensions ['ignore', 'ignore_ament_install']
[0.540s] Level 1:colcon.colcon_core.package_identification:_identify(install) by extension 'ignore'
[0.540s] Level 1:colcon.colcon_core.package_identification:_identify(install) ignored
[0.540s] Level 1:colcon.colcon_core.package_identification:_identify(log) by extensions ['ignore', 'ignore_ament_install']
[0.540s] Level 1:colcon.colcon_core.package_identification:_identify(log) by extension 'ignore'
[0.540s] Level 1:colcon.colcon_core.package_identification:_identify(log) ignored
[0.540s] Level 1:colcon.colcon_core.package_identification:_identify(ros2_opencv_control) by extensions ['ignore', 'ignore_ament_install']
[0.540s] Level 1:colcon.colcon_core.package_identification:_identify(ros2_opencv_control) by extension 'ignore'
[0.540s] Level 1:colcon.colcon_core.package_identification:_identify(ros2_opencv_control) by extension 'ignore_ament_install'
[0.540s] Level 1:colcon.colcon_core.package_identification:_identify(ros2_opencv_control) by extensions ['colcon_pkg']
[0.540s] Level 1:colcon.colcon_core.package_identification:_identify(ros2_opencv_control) by extension 'colcon_pkg'
[0.540s] Level 1:colcon.colcon_core.package_identification:_identify(ros2_opencv_control) by extensions ['colcon_meta']
[0.540s] Level 1:colcon.colcon_core.package_identification:_identify(ros2_opencv_control) by extension 'colcon_meta'
[0.540s] Level 1:colcon.colcon_core.package_identification:_identify(ros2_opencv_control) by extensions ['ros']
[0.541s] Level 1:colcon.colcon_core.package_identification:_identify(ros2_opencv_control) by extension 'ros'
[0.541s] Level 1:colcon.colcon_core.package_identification:_identify(ros2_opencv_control) by extensions ['cmake', 'python']
[0.541s] Level 1:colcon.colcon_core.package_identification:_identify(ros2_opencv_control) by extension 'cmake'
[0.541s] Level 1:colcon.colcon_core.package_identification:_identify(ros2_opencv_control) by extension 'python'
[0.541s] Level 1:colcon.colcon_core.package_identification:_identify(ros2_opencv_control) by extensions ['python_setup_py']
[0.541s] Level 1:colcon.colcon_core.package_identification:_identify(ros2_opencv_control) by extension 'python_setup_py'
[0.541s] Level 1:colcon.colcon_core.package_identification:_identify(ros2_opencv_control/src) by extensions ['ignore', 'ignore_ament_install']
[0.541s] Level 1:colcon.colcon_core.package_identification:_identify(ros2_opencv_control/src) by extension 'ignore'
[0.541s] Level 1:colcon.colcon_core.package_identification:_identify(ros2_opencv_control/src) by extension 'ignore_ament_install'
[0.541s] Level 1:colcon.colcon_core.package_identification:_identify(ros2_opencv_control/src) by extensions ['colcon_pkg']
[0.541s] Level 1:colcon.colcon_core.package_identification:_identify(ros2_opencv_control/src) by extension 'colcon_pkg'
[0.541s] Level 1:colcon.colcon_core.package_identification:_identify(ros2_opencv_control/src) by extensions ['colcon_meta']
[0.541s] Level 1:colcon.colcon_core.package_identification:_identify(ros2_opencv_control/src) by extension 'colcon_meta'
[0.541s] Level 1:colcon.colcon_core.package_identification:_identify(ros2_opencv_control/src) by extensions ['ros']
[0.541s] Level 1:colcon.colcon_core.package_identification:_identify(ros2_opencv_control/src) by extension 'ros'
[0.542s] Level 1:colcon.colcon_core.package_identification:_identify(ros2_opencv_control/src) by extensions ['cmake', 'python']
[0.542s] Level 1:colcon.colcon_core.package_identification:_identify(ros2_opencv_control/src) by extension 'cmake'
[0.542s] Level 1:colcon.colcon_core.package_identification:_identify(ros2_opencv_control/src) by extension 'python'
[0.542s] Level 1:colcon.colcon_core.package_identification:_identify(ros2_opencv_control/src) by extensions ['python_setup_py']
[0.542s] Level 1:colcon.colcon_core.package_identification:_identify(ros2_opencv_control/src) by extension 'python_setup_py'
[0.542s] Level 1:colcon.colcon_core.package_identification:_identify(ros2_opencv_control/src/camera_subscriber) by extensions ['ignore', 'ignore_ament_install']
[0.542s] Level 1:colcon.colcon_core.package_identification:_identify(ros2_opencv_control/src/camera_subscriber) by extension 'ignore'
[0.542s] Level 1:colcon.colcon_core.package_identification:_identify(ros2_opencv_control/src/camera_subscriber) by extension 'ignore_ament_install'
[0.542s] Level 1:colcon.colcon_core.package_identification:_identify(ros2_opencv_control/src/camera_subscriber) by extensions ['colcon_pkg']
[0.542s] Level 1:colcon.colcon_core.package_identification:_identify(ros2_opencv_control/src/camera_subscriber) by extension 'colcon_pkg'
[0.542s] Level 1:colcon.colcon_core.package_identification:_identify(ros2_opencv_control/src/camera_subscriber) by extensions ['colcon_meta']
[0.542s] Level 1:colcon.colcon_core.package_identification:_identify(ros2_opencv_control/src/camera_subscriber) by extension 'colcon_meta'
[0.542s] Level 1:colcon.colcon_core.package_identification:_identify(ros2_opencv_control/src/camera_subscriber) by extensions ['ros']
[0.542s] Level 1:colcon.colcon_core.package_identification:_identify(ros2_opencv_control/src/camera_subscriber) by extension 'ros'
[0.546s] DEBUG:colcon.colcon_core.package_identification:Package 'ros2_opencv_control/src/camera_subscriber' with type 'ros.ament_python' and name 'camera_subscriber'
[0.546s] Level 1:colcon.colcon_core.package_discovery:discover_packages(recursive) using defaults
[0.546s] Level 1:colcon.colcon_core.package_discovery:discover_packages(ignore) discover
[0.546s] Level 1:colcon.colcon_core.package_discovery:discover_packages(ignore) using defaults
[0.546s] Level 1:colcon.colcon_core.package_discovery:discover_packages(path) discover
[0.546s] Level 1:colcon.colcon_core.package_discovery:discover_packages(path) using defaults
[0.578s] Level 1:colcon.colcon_core.package_discovery:discover_packages(prefix_path) check parameters
[0.578s] Level 1:colcon.colcon_core.package_discovery:discover_packages(prefix_path) discover
[0.581s] DEBUG:colcon.colcon_installed_package_information.package_discovery:Found 1 installed packages in /home/student/ros2_project/install
[0.582s] DEBUG:colcon.colcon_installed_package_information.package_discovery:Found 397 installed packages in /opt/ros/humble
[0.584s] Level 1:colcon.colcon_core.package_discovery:discover_packages(prefix_path) using defaults
[0.632s] Level 5:colcon.colcon_core.verb:set package 'camera_subscriber' build argument 'cmake_args' from command line to 'None'
[0.632s] Level 5:colcon.colcon_core.verb:set package 'camera_subscriber' build argument 'cmake_target' from command line to 'None'
[0.632s] Level 5:colcon.colcon_core.verb:set package 'camera_subscriber' build argument 'cmake_target_skip_unavailable' from command line to 'False'
[0.632s] Level 5:colcon.colcon_core.verb:set package 'camera_subscriber' build argument 'cmake_clean_cache' from command line to 'False'
[0.632s] Level 5:colcon.colcon_core.verb:set package 'camera_subscriber' build argument 'cmake_clean_first' from command line to 'False'
[0.632s] Level 5:colcon.colcon_core.verb:set package 'camera_subscriber' build argument 'cmake_force_configure' from command line to 'False'
[0.632s] Level 5:colcon.colcon_core.verb:set package 'camera_subscriber' build argument 'ament_cmake_args' from command line to 'None'
[0.632s] Level 5:colcon.colcon_core.verb:set package 'camera_subscriber' build argument 'catkin_cmake_args' from command line to 'None'
[0.632s] Level 5:colcon.colcon_core.verb:set package 'camera_subscriber' build argument 'catkin_skip_building_tests' from command line to 'False'
[0.632s] DEBUG:colcon.colcon_core.verb:Building package 'camera_subscriber' with the following arguments: {'ament_cmake_args': None, 'build_base': '/home/student/ros2_project/build/camera_subscriber', 'catkin_cmake_args': None, 'catkin_skip_building_tests': False, 'cmake_args': None, 'cmake_clean_cache': False, 'cmake_clean_first': False, 'cmake_force_configure': False, 'cmake_target': None, 'cmake_target_skip_unavailable': False, 'install_base': '/home/student/ros2_project/install/camera_subscriber', 'merge_install': False, 'path': '/home/student/ros2_project/ros2_opencv_control/src/camera_subscriber', 'symlink_install': False, 'test_result_base': None}
[0.632s] INFO:colcon.colcon_core.executor:Executing jobs using 'parallel' executor
[0.633s] DEBUG:colcon.colcon_parallel_executor.executor.parallel:run_until_complete
[0.633s] INFO:colcon.colcon_ros.task.ament_python.build:Building ROS package in '/home/student/ros2_project/ros2_opencv_control/src/camera_subscriber' with build type 'ament_python'
[0.633s] Level 1:colcon.colcon_core.shell:create_environment_hook('camera_subscriber', 'ament_prefix_path')
[0.639s] INFO:colcon.colcon_core.plugin_system:Skipping extension 'colcon_core.shell.bat': Not used on non-Windows systems
[0.639s] INFO:colcon.colcon_core.shell:Creating environment hook '/home/student/ros2_project/install/camera_subscriber/share/camera_subscriber/hook/ament_prefix_path.ps1'
[0.640s] INFO:colcon.colcon_core.shell:Creating environment descriptor '/home/student/ros2_project/install/camera_subscriber/share/camera_subscriber/hook/ament_prefix_path.dsv'
[0.640s] INFO:colcon.colcon_core.shell:Creating environment hook '/home/student/ros2_project/install/camera_subscriber/share/camera_subscriber/hook/ament_prefix_path.sh'
[0.641s] INFO:colcon.colcon_core.shell:Skip shell extension 'powershell' for command environment: Not usable outside of PowerShell
[0.641s] DEBUG:colcon.colcon_core.shell:Skip shell extension 'dsv' for command environment
[0.853s] INFO:colcon.colcon_core.task.python.build:Building Python package in '/home/student/ros2_project/ros2_opencv_control/src/camera_subscriber'
[0.853s] INFO:colcon.colcon_core.shell:Skip shell extension 'powershell' for command environment: Not usable outside of PowerShell
[0.853s] DEBUG:colcon.colcon_core.shell:Skip shell extension 'dsv' for command environment
[1.594s] DEBUG:colcon.colcon_core.event_handler.log_command:Invoking command in '/home/student/ros2_project/ros2_opencv_control/src/camera_subscriber': PYTHONPATH=/home/student/ros2_project/build/camera_subscriber/prefix_override:/usr/lib/python3/dist-packages/colcon_core/task/python/colcon_distutils_commands:/home/student/ros2_project/install/camera_subscriber/lib/python3.10/site-packages:${PYTHONPATH} /usr/bin/python3 -W ignore:setup.py install is deprecated -W ignore:easy_install command is deprecated setup.py egg_info --egg-base ../../../build/camera_subscriber build --build-base /home/student/ros2_project/build/camera_subscriber/build install --record /home/student/ros2_project/build/camera_subscriber/install.log --single-version-externally-managed install_data
[2.117s] DEBUG:colcon.colcon_core.event_handler.log_command:Invoked command in '/home/student/ros2_project/ros2_opencv_control/src/camera_subscriber' returned '0': PYTHONPATH=/home/student/ros2_project/build/camera_subscriber/prefix_override:/usr/lib/python3/dist-packages/colcon_core/task/python/colcon_distutils_commands:/home/student/ros2_project/install/camera_subscriber/lib/python3.10/site-packages:${PYTHONPATH} /usr/bin/python3 -W ignore:setup.py install is deprecated -W ignore:easy_install command is deprecated setup.py egg_info --egg-base ../../../build/camera_subscriber build --build-base /home/student/ros2_project/build/camera_subscriber/build install --record /home/student/ros2_project/build/camera_subscriber/install.log --single-version-externally-managed install_data
[2.124s] Level 1:colcon.colcon_core.environment:checking '/home/student/ros2_project/install/camera_subscriber' for CMake module files
[2.124s] Level 1:colcon.colcon_core.environment:checking '/home/student/ros2_project/install/camera_subscriber' for CMake config files
[2.125s] Level 1:colcon.colcon_core.environment:checking '/home/student/ros2_project/install/camera_subscriber/lib'
[2.125s] Level 1:colcon.colcon_core.environment:checking '/home/student/ros2_project/install/camera_subscriber/bin'
[2.125s] Level 1:colcon.colcon_core.environment:checking '/home/student/ros2_project/install/camera_subscriber/lib/pkgconfig/camera_subscriber.pc'
[2.125s] Level 1:colcon.colcon_core.environment:checking '/home/student/ros2_project/install/camera_subscriber/lib/python3.10/site-packages'
[2.125s] Level 1:colcon.colcon_core.shell:create_environment_hook('camera_subscriber', 'pythonpath')
[2.125s] INFO:colcon.colcon_core.shell:Creating environment hook '/home/student/ros2_project/install/camera_subscriber/share/camera_subscriber/hook/pythonpath.ps1'
[2.126s] INFO:colcon.colcon_core.shell:Creating environment descriptor '/home/student/ros2_project/install/camera_subscriber/share/camera_subscriber/hook/pythonpath.dsv'
[2.126s] INFO:colcon.colcon_core.shell:Creating environment hook '/home/student/ros2_project/install/camera_subscriber/share/camera_subscriber/hook/pythonpath.sh'
[2.127s] Level 1:colcon.colcon_core.environment:checking '/home/student/ros2_project/install/camera_subscriber/bin'
[2.127s] Level 1:colcon.colcon_core.environment:create_environment_scripts_only(camera_subscriber)
[2.127s] INFO:colcon.colcon_core.shell:Creating package script '/home/student/ros2_project/install/camera_subscriber/share/camera_subscriber/package.ps1'
[2.128s] INFO:colcon.colcon_core.shell:Creating package descriptor '/home/student/ros2_project/install/camera_subscriber/share/camera_subscriber/package.dsv'
[2.129s] INFO:colcon.colcon_core.shell:Creating package script '/home/student/ros2_project/install/camera_subscriber/share/camera_subscriber/package.sh'
[2.129s] INFO:colcon.colcon_core.shell:Creating package script '/home/student/ros2_project/install/camera_subscriber/share/camera_subscriber/package.bash'
[2.131s] INFO:colcon.colcon_core.shell:Creating package script '/home/student/ros2_project/install/camera_subscriber/share/camera_subscriber/package.zsh'
[2.132s] Level 1:colcon.colcon_core.environment:create_file_with_runtime_dependencies(/home/student/ros2_project/install/camera_subscriber/share/colcon-core/packages/camera_subscriber)
[2.132s] DEBUG:colcon.colcon_parallel_executor.executor.parallel:closing loop
[2.132s] DEBUG:colcon.colcon_parallel_executor.executor.parallel:loop closed
[2.133s] DEBUG:colcon.colcon_parallel_executor.executor.parallel:run_until_complete finished with '0'
[2.133s] DEBUG:colcon.colcon_core.event_reactor:joining thread
[2.139s] INFO:colcon.colcon_core.plugin_system:Skipping extension 'colcon_notification.desktop_notification.terminal_notifier': Not used on non-Darwin systems
[2.139s] INFO:colcon.colcon_core.plugin_system:Skipping extension 'colcon_notification.desktop_notification.win32': Not used on non-Windows systems
[2.139s] INFO:colcon.colcon_notification.desktop_notification:Sending desktop notification using 'notify2'
[2.157s] DEBUG:colcon.colcon_core.event_reactor:joined thread
[2.157s] INFO:colcon.colcon_core.shell:Creating prefix script '/home/student/ros2_project/install/local_setup.ps1'
[2.158s] INFO:colcon.colcon_core.shell:Creating prefix util module '/home/student/ros2_project/install/_local_setup_util_ps1.py'
[2.160s] INFO:colcon.colcon_core.shell:Creating prefix chain script '/home/student/ros2_project/install/setup.ps1'
[2.161s] INFO:colcon.colcon_core.shell:Creating prefix script '/home/student/ros2_project/install/local_setup.sh'
[2.162s] INFO:colcon.colcon_core.shell:Creating prefix util module '/home/student/ros2_project/install/_local_setup_util_sh.py'
[2.163s] INFO:colcon.colcon_core.shell:Creating prefix chain script '/home/student/ros2_project/install/setup.sh'
[2.164s] INFO:colcon.colcon_core.shell:Creating prefix script '/home/student/ros2_project/install/local_setup.bash'
[2.165s] INFO:colcon.colcon_core.shell:Creating prefix chain script '/home/student/ros2_project/install/setup.bash'
[2.166s] INFO:colcon.colcon_core.shell:Creating prefix script '/home/student/ros2_project/install/local_setup.zsh'
[2.167s] INFO:colcon.colcon_core.shell:Creating prefix chain script '/home/student/ros2_project/install/setup.zsh'
